# JRE version: Java(TM) SE Runtime Environment (8.0_221-b11) (build 1.8.0_221-b11)
# Java VM: Java HotSpot(TM) 64-Bit Server VM (25.221-b11 mixed mode windows-amd64 compressed oops)
Heap:
 PSYoungGen      total 452608K, used 168930K [0x000000076b180000, 0x00000007a1000000, 0x00000007c0000000)
  eden space 283648K, 0% used [0x000000076b180000,0x000000076b180000,0x000000077c680000)
  from space 168960K, 99% used [0x000000077c680000,0x0000000786b78bd8,0x0000000786b80000)
  to   space 230912K, 0% used [0x0000000792e80000,0x0000000792e80000,0x00000007a1000000)
 ParOldGen       total 366080K, used 296215K [0x00000006c1400000, 0x00000006d7980000, 0x000000076b180000)
  object space 366080K, 80% used [0x00000006c1400000,0x00000006d3545cb0,0x00000006d7980000)
 Metaspace       used 13284K, capacity 13514K, committed 13696K, reserved 1060864K
  class space    used 1538K, capacity 1622K, committed 1664K, reserved 1048576K
GC Heap History (10 events):
Event: 5.447 GC heap after
Heap after GC invocations=7 (full 2):
 PSYoungGen      total 109056K, used 0K [0x000000076b180000, 0x0000000782d80000, 0x00000007c0000000)
  eden space 98304K, 0% used [0x000000076b180000,0x000000076b180000,0x0000000771180000)
  from space 10752K, 0% used [0x0000000771180000,0x0000000771180000,0x0000000771c00000)
  to   space 102400K, 0% used [0x000000077c980000,0x000000077c980000,0x0000000782d80000)
 ParOldGen       total 366080K, used 154373K [0x00000006c1400000, 0x00000006d7980000, 0x000000076b180000)
  object space 366080K, 42% used [0x00000006c1400000,0x00000006caac1628,0x00000006d7980000)
 Metaspace       used 12842K, capacity 13034K, committed 13184K, reserved 1060864K
  class space    used 1509K, capacity 1590K, committed 1664K, reserved 1048576K
}
Event: 5.513 GC heap before
{Heap before GC invocations=8 (full 2):
 PSYoungGen      total 109056K, used 98304K [0x000000076b180000, 0x0000000782d80000, 0x00000007c0000000)
  eden space 98304K, 100% used [0x000000076b180000,0x0000000771180000,0x0000000771180000)
  from space 10752K, 0% used [0x0000000771180000,0x0000000771180000,0x0000000771c00000)
  to   space 102400K, 0% used [0x000000077c980000,0x000000077c980000,0x0000000782d80000)
 ParOldGen       total 366080K, used 154373K [0x00000006c1400000, 0x00000006d7980000, 0x000000076b180000)
  object space 366080K, 42% used [0x00000006c1400000,0x00000006caac1628,0x00000006d7980000)
 Metaspace       used 12874K, capacity 13034K, committed 13184K, reserved 1060864K
  class space    used 1517K, capacity 1590K, committed 1664K, reserved 1048576K
Event: 5.547 GC heap after
Heap after GC invocations=8 (full 2):
 PSYoungGen      total 264192K, used 85424K [0x000000076b180000, 0x0000000783080000, 0x00000007c0000000)
  eden space 161792K, 0% used [0x000000076b180000,0x000000076b180000,0x0000000774f80000)
  from space 102400K, 83% used [0x000000077c980000,0x0000000781cec068,0x0000000782d80000)
  to   space 115200K, 0% used [0x0000000774f80000,0x0000000774f80000,0x000000077c000000)
 ParOldGen       total 366080K, used 154381K [0x00000006c1400000, 0x00000006d7980000, 0x000000076b180000)
  object space 366080K, 42% used [0x00000006c1400000,0x00000006caac3628,0x00000006d7980000)
 Metaspace       used 12874K, capacity 13034K, committed 13184K, reserved 1060864K
  class space    used 1517K, capacity 1590K, committed 1664K, reserved 1048576K
}
Event: 5.648 GC heap before
{Heap before GC invocations=9 (full 2):
 PSYoungGen      total 264192K, used 247216K [0x000000076b180000, 0x0000000783080000, 0x00000007c0000000)
  eden space 161792K, 100% used [0x000000076b180000,0x0000000774f80000,0x0000000774f80000)
  from space 102400K, 83% used [0x000000077c980000,0x0000000781cec068,0x0000000782d80000)
  to   space 115200K, 0% used [0x0000000774f80000,0x0000000774f80000,0x000000077c000000)
 ParOldGen       total 366080K, used 154381K [0x00000006c1400000, 0x00000006d7980000, 0x000000076b180000)
  object space 366080K, 42% used [0x00000006c1400000,0x00000006caac3628,0x00000006d7980000)
 Metaspace       used 12889K, capacity 13034K, committed 13184K, reserved 1060864K
  class space    used 1517K, capacity 1590K, committed 1664K, reserved 1048576K
Event: 5.703 GC heap after
Heap after GC invocations=9 (full 2):
 PSYoungGen      total 276992K, used 115199K [0x000000076b180000, 0x0000000790e00000, 0x00000007c0000000)
  eden space 161792K, 0% used [0x000000076b180000,0x000000076b180000,0x0000000774f80000)
  from space 115200K, 99% used [0x0000000774f80000,0x000000077bfffc20,0x000000077c000000)
  to   space 166400K, 0% used [0x0000000786b80000,0x0000000786b80000,0x0000000790e00000)
 ParOldGen       total 366080K, used 211893K [0x00000006c1400000, 0x00000006d7980000, 0x000000076b180000)
  object space 366080K, 57% used [0x00000006c1400000,0x00000006ce2ed628,0x00000006d7980000)
 Metaspace       used 12889K, capacity 13034K, committed 13184K, reserved 1060864K
  class space    used 1517K, capacity 1590K, committed 1664K, reserved 1048576K
}
Event: 5.845 GC heap before
{Heap before GC invocations=10 (full 2):
 PSYoungGen      total 276992K, used 269341K [0x000000076b180000, 0x0000000790e00000, 0x00000007c0000000)
  eden space 161792K, 95% used [0x000000076b180000,0x0000000774807af0,0x0000000774f80000)
  from space 115200K, 99% used [0x0000000774f80000,0x000000077bfffc20,0x000000077c000000)
  to   space 166400K, 0% used [0x0000000786b80000,0x0000000786b80000,0x0000000790e00000)
 ParOldGen       total 366080K, used 211893K [0x00000006c1400000, 0x00000006d7980000, 0x000000076b180000)
  object space 366080K, 57% used [0x00000006c1400000,0x00000006ce2ed628,0x00000006d7980000)
 Metaspace       used 13277K, capacity 13514K, committed 13696K, reserved 1060864K
  class space    used 1538K, capacity 1622K, committed 1664K, reserved 1048576K
Event: 5.871 GC heap after
Heap after GC invocations=10 (full 2):
 PSYoungGen      total 450048K, used 102168K [0x000000076b180000, 0x0000000791380000, 0x00000007c0000000)
  eden space 283648K, 0% used [0x000000076b180000,0x000000076b180000,0x000000077c680000)
  from space 166400K, 61% used [0x0000000786b80000,0x000000078cf46278,0x0000000790e00000)
  to   space 168960K, 0% used [0x000000077c680000,0x000000077c680000,0x0000000786b80000)
 ParOldGen       total 366080K, used 211901K [0x00000006c1400000, 0x00000006d7980000, 0x000000076b180000)
  object space 366080K, 57% used [0x00000006c1400000,0x00000006ce2ef628,0x00000006d7980000)
 Metaspace       used 13277K, capacity 13514K, committed 13696K, reserved 1060864K
  class space    used 1538K, capacity 1622K, committed 1664K, reserved 1048576K
}
Event: 6.035 GC heap before
{Heap before GC invocations=11 (full 2):
 PSYoungGen      total 450048K, used 385816K [0x000000076b180000, 0x0000000791380000, 0x00000007c0000000)
  eden space 283648K, 100% used [0x000000076b180000,0x000000077c680000,0x000000077c680000)
  from space 166400K, 61% used [0x0000000786b80000,0x000000078cf46278,0x0000000790e00000)
  to   space 168960K, 0% used [0x000000077c680000,0x000000077c680000,0x0000000786b80000)
 ParOldGen       total 366080K, used 211901K [0x00000006c1400000, 0x00000006d7980000, 0x000000076b180000)
  object space 366080K, 57% used [0x00000006c1400000,0x00000006ce2ef628,0x00000006d7980000)
 Metaspace       used 13284K, capacity 13514K, committed 13696K, reserved 1060864K
  class space    used 1538K, capacity 1622K, committed 1664K, reserved 1048576K
Event: 6.106 GC heap after
Heap after GC invocations=11 (full 2):
 PSYoungGen      total 452608K, used 168930K [0x000000076b180000, 0x00000007a1000000, 0x00000007c0000000)
  eden space 283648K, 0% used [0x000000076b180000,0x000000076b180000,0x000000077c680000)
  from space 168960K, 99% used [0x000000077c680000,0x0000000786b78bd8,0x0000000786b80000)
  to   space 230912K, 0% used [0x0000000792e80000,0x0000000792e80000,0x00000007a1000000)
 ParOldGen       total 366080K, used 296215K [0x00000006c1400000, 0x00000006d7980000, 0x000000076b180000)
  object space 366080K, 80% used [0x00000006c1400000,0x00000006d3545cb0,0x00000006d7980000)
 Metaspace       used 13284K, capacity 13514K, committed 13696K, reserved 1060864K
  class space    used 1538K, capacity 1622K, committed 1664K, reserved 1048576K
}
Event: 6.106 GC heap before
{Heap before GC invocations=12 (full 3):
 PSYoungGen      total 452608K, used 168930K [0x000000076b180000, 0x00000007a1000000, 0x00000007c0000000)
  eden space 283648K, 0% used [0x000000076b180000,0x000000076b180000,0x000000077c680000)
  from space 168960K, 99% used [0x000000077c680000,0x0000000786b78bd8,0x0000000786b80000)
  to   space 230912K, 0% used [0x0000000792e80000,0x0000000792e80000,0x00000007a1000000)
 ParOldGen       total 366080K, used 296215K [0x00000006c1400000, 0x00000006d7980000, 0x000000076b180000)
  object space 366080K, 80% used [0x00000006c1400000,0x00000006d3545cb0,0x00000006d7980000)
 Metaspace       used 13284K, capacity 13514K, committed 13696K, reserved 1060864K
  class space    used 1538K, capacity 1622K, committed 1664K, reserved 1048576K

