# JRE version: Java(TM) SE Runtime Environment (8.0_231-b11) (build 1.8.0_231-b11)
# Java VM: Java HotSpot(TM) 64-Bit Server VM (25.231-b11 mixed mode windows-amd64 compressed oops)
Heap:
 PSYoungGen      total 104960K, used 41551K [0x000000076b180000, 0x0000000774580000, 0x00000007c0000000)
  eden space 95232K, 33% used [0x000000076b180000,0x000000076d0994f0,0x0000000770e80000)
  from space 9728K, 99% used [0x0000000773c00000,0x000000077457a768,0x0000000774580000)
  to   space 10752K, 0% used [0x0000000773080000,0x0000000773080000,0x0000000773b00000)
 ParOldGen       total 272896K, used 109688K [0x00000006c1400000, 0x00000006d1e80000, 0x000000076b180000)
  object space 272896K, 40% used [0x00000006c1400000,0x00000006c7f1e3d8,0x00000006d1e80000)
 Metaspace       used 11695K, capacity 11866K, committed 12288K, reserved 1060864K
  class space    used 1372K, capacity 1460K, committed 1536K, reserved 1048576K
GC Heap History (6 events):
Event: 1.414 GC heap before
{Heap before GC invocations=1 (full 0):
 PSYoungGen      total 76288K, used 65536K [0x000000076b180000, 0x0000000770680000, 0x00000007c0000000)
  eden space 65536K, 100% used [0x000000076b180000,0x000000076f180000,0x000000076f180000)
  from space 10752K, 0% used [0x000000076fc00000,0x000000076fc00000,0x0000000770680000)
  to   space 10752K, 0% used [0x000000076f180000,0x000000076f180000,0x000000076fc00000)
 ParOldGen       total 175104K, used 0K [0x00000006c1400000, 0x00000006cbf00000, 0x000000076b180000)
  object space 175104K, 0% used [0x00000006c1400000,0x00000006c1400000,0x00000006cbf00000)
 Metaspace       used 10783K, capacity 11018K, committed 11136K, reserved 1058816K
  class space    used 1308K, capacity 1392K, committed 1408K, reserved 1048576K
Event: 1.430 GC heap after
Heap after GC invocations=1 (full 0):
 PSYoungGen      total 76288K, used 10595K [0x000000076b180000, 0x0000000774680000, 0x00000007c0000000)
  eden space 65536K, 0% used [0x000000076b180000,0x000000076b180000,0x000000076f180000)
  from space 10752K, 98% used [0x000000076f180000,0x000000076fbd8e90,0x000000076fc00000)
  to   space 10752K, 0% used [0x0000000773c00000,0x0000000773c00000,0x0000000774680000)
 ParOldGen       total 175104K, used 62352K [0x00000006c1400000, 0x00000006cbf00000, 0x000000076b180000)
  object space 175104K, 35% used [0x00000006c1400000,0x00000006c50e42f0,0x00000006cbf00000)
 Metaspace       used 10783K, capacity 11018K, committed 11136K, reserved 1058816K
  class space    used 1308K, capacity 1392K, committed 1408K, reserved 1048576K
}
Event: 1.911 GC heap before
{Heap before GC invocations=2 (full 1):
 PSYoungGen      total 76288K, used 76103K [0x000000076b180000, 0x0000000774680000, 0x00000007c0000000)
  eden space 65536K, 99% used [0x000000076b180000,0x000000076f179138,0x000000076f180000)
  from space 10752K, 98% used [0x000000076f180000,0x000000076fbd8e90,0x000000076fc00000)
  to   space 10752K, 0% used [0x0000000773c00000,0x0000000773c00000,0x0000000774680000)
 ParOldGen       total 175104K, used 117805K [0x00000006c1400000, 0x00000006cbf00000, 0x000000076b180000)
  object space 175104K, 67% used [0x00000006c1400000,0x00000006c870b780,0x00000006cbf00000)
 Metaspace       used 11010K, capacity 11210K, committed 11392K, reserved 1058816K
  class space    used 1313K, capacity 1392K, committed 1408K, reserved 1048576K
Event: 1.935 GC heap after
Heap after GC invocations=2 (full 1):
 PSYoungGen      total 76288K, used 0K [0x000000076b180000, 0x0000000774680000, 0x00000007c0000000)
  eden space 65536K, 0% used [0x000000076b180000,0x000000076b180000,0x000000076f180000)
  from space 10752K, 0% used [0x000000076f180000,0x000000076f180000,0x000000076fc00000)
  to   space 10752K, 0% used [0x0000000773c00000,0x0000000773c00000,0x0000000774680000)
 ParOldGen       total 272896K, used 109680K [0x00000006c1400000, 0x00000006d1e80000, 0x000000076b180000)
  object space 272896K, 40% used [0x00000006c1400000,0x00000006c7f1c3d8,0x00000006d1e80000)
 Metaspace       used 11010K, capacity 11210K, committed 11392K, reserved 1058816K
  class space    used 1313K, capacity 1392K, committed 1408K, reserved 1048576K
}
Event: 2.357 GC heap before
{Heap before GC invocations=3 (full 1):
 PSYoungGen      total 76288K, used 65536K [0x000000076b180000, 0x0000000774680000, 0x00000007c0000000)
  eden space 65536K, 100% used [0x000000076b180000,0x000000076f180000,0x000000076f180000)
  from space 10752K, 0% used [0x000000076f180000,0x000000076f180000,0x000000076fc00000)
  to   space 10752K, 0% used [0x0000000773c00000,0x0000000773c00000,0x0000000774680000)
 ParOldGen       total 272896K, used 109680K [0x00000006c1400000, 0x00000006d1e80000, 0x000000076b180000)
  object space 272896K, 40% used [0x00000006c1400000,0x00000006c7f1c3d8,0x00000006d1e80000)
 Metaspace       used 11067K, capacity 11274K, committed 11392K, reserved 1058816K
  class space    used 1313K, capacity 1392K, committed 1408K, reserved 1048576K
Event: 2.366 GC heap after
Heap after GC invocations=3 (full 1):
 PSYoungGen      total 104960K, used 9705K [0x000000076b180000, 0x0000000774580000, 0x00000007c0000000)
  eden space 95232K, 0% used [0x000000076b180000,0x000000076b180000,0x0000000770e80000)
  from space 9728K, 99% used [0x0000000773c00000,0x000000077457a768,0x0000000774580000)
  to   space 10752K, 0% used [0x0000000773080000,0x0000000773080000,0x0000000773b00000)
 ParOldGen       total 272896K, used 109688K [0x00000006c1400000, 0x00000006d1e80000, 0x000000076b180000)
  object space 272896K, 40% used [0x00000006c1400000,0x00000006c7f1e3d8,0x00000006d1e80000)
 Metaspace       used 11067K, capacity 11274K, committed 11392K, reserved 1058816K
  class space    used 1313K, capacity 1392K, committed 1408K, reserved 1048576K
}

