# JRE version: Java(TM) SE Runtime Environment (8.0_221-b11) (build 1.8.0_221-b11)
# Java VM: Java HotSpot(TM) 64-Bit Server VM (25.221-b11 mixed mode windows-amd64 compressed oops)
Heap:
 PSYoungGen      total 287744K, used 283804K [0x000000076b180000, 0x0000000791c00000, 0x00000007c0000000)
  eden space 164864K, 97% used [0x000000076b180000,0x0000000774eadf90,0x0000000775280000)
  from space 122880K, 99% used [0x0000000775280000,0x000000077ca79418,0x000000077ca80000)
  to   space 173056K, 58% used [0x0000000787300000,0x000000078d66a1d8,0x0000000791c00000)
 ParOldGen       total 368128K, used 210917K [0x00000006c1400000, 0x00000006d7b80000, 0x000000076b180000)
  object space 368128K, 57% used [0x00000006c1400000,0x00000006ce1f94e0,0x00000006d7b80000)
 Metaspace       used 13240K, capacity 13450K, committed 13696K, reserved 1060864K
  class space    used 1537K, capacity 1622K, committed 1664K, reserved 1048576K
GC Heap History (10 events):
Event: 5.260 GC heap after
Heap after GC invocations=5 (full 1):
 PSYoungGen      total 111104K, used 10726K [0x000000076b180000, 0x0000000772980000, 0x00000007c0000000)
  eden space 100352K, 0% used [0x000000076b180000,0x000000076b180000,0x0000000771380000)
  from space 10752K, 99% used [0x0000000771f00000,0x0000000772979ac8,0x0000000772980000)
  to   space 10752K, 0% used [0x0000000771480000,0x0000000771480000,0x0000000771f00000)
 ParOldGen       total 208896K, used 132798K [0x00000006c1400000, 0x00000006ce000000, 0x000000076b180000)
  object space 208896K, 63% used [0x00000006c1400000,0x00000006c95af9f8,0x00000006ce000000)
 Metaspace       used 12813K, capacity 13034K, committed 13184K, reserved 1060864K
  class space    used 1508K, capacity 1590K, committed 1664K, reserved 1048576K
}
Event: 5.325 GC heap before
{Heap before GC invocations=6 (full 1):
 PSYoungGen      total 111104K, used 111078K [0x000000076b180000, 0x0000000772980000, 0x00000007c0000000)
  eden space 100352K, 100% used [0x000000076b180000,0x0000000771380000,0x0000000771380000)
  from space 10752K, 99% used [0x0000000771f00000,0x0000000772979ac8,0x0000000772980000)
  to   space 10752K, 0% used [0x0000000771480000,0x0000000771480000,0x0000000771f00000)
 ParOldGen       total 208896K, used 132798K [0x00000006c1400000, 0x00000006ce000000, 0x000000076b180000)
  object space 208896K, 63% used [0x00000006c1400000,0x00000006c95af9f8,0x00000006ce000000)
 Metaspace       used 12813K, capacity 13034K, committed 13184K, reserved 1060864K
  class space    used 1508K, capacity 1590K, committed 1664K, reserved 1048576K
Event: 5.357 GC heap after
Heap after GC invocations=6 (full 1):
 PSYoungGen      total 112128K, used 10742K [0x000000076b180000, 0x0000000784500000, 0x00000007c0000000)
  eden space 101376K, 0% used [0x000000076b180000,0x000000076b180000,0x0000000771480000)
  from space 10752K, 99% used [0x0000000771480000,0x0000000771efdbf8,0x0000000771f00000)
  to   space 109568K, 0% used [0x000000077da00000,0x000000077da00000,0x0000000784500000)
 ParOldGen       total 211968K, used 210503K [0x00000006c1400000, 0x00000006ce300000, 0x000000076b180000)
  object space 211968K, 99% used [0x00000006c1400000,0x00000006ce191c38,0x00000006ce300000)
 Metaspace       used 12813K, capacity 13034K, committed 13184K, reserved 1060864K
  class space    used 1508K, capacity 1590K, committed 1664K, reserved 1048576K
}
Event: 5.357 GC heap before
{Heap before GC invocations=7 (full 2):
 PSYoungGen      total 112128K, used 10742K [0x000000076b180000, 0x0000000784500000, 0x00000007c0000000)
  eden space 101376K, 0% used [0x000000076b180000,0x000000076b180000,0x0000000771480000)
  from space 10752K, 99% used [0x0000000771480000,0x0000000771efdbf8,0x0000000771f00000)
  to   space 109568K, 0% used [0x000000077da00000,0x000000077da00000,0x0000000784500000)
 ParOldGen       total 211968K, used 210503K [0x00000006c1400000, 0x00000006ce300000, 0x000000076b180000)
  object space 211968K, 99% used [0x00000006c1400000,0x00000006ce191c38,0x00000006ce300000)
 Metaspace       used 12813K, capacity 13034K, committed 13184K, reserved 1060864K
  class space    used 1508K, capacity 1590K, committed 1664K, reserved 1048576K
Event: 5.719 GC heap after
Heap after GC invocations=7 (full 2):
 PSYoungGen      total 112128K, used 0K [0x000000076b180000, 0x0000000784500000, 0x00000007c0000000)
  eden space 101376K, 0% used [0x000000076b180000,0x000000076b180000,0x0000000771480000)
  from space 10752K, 0% used [0x0000000771480000,0x0000000771480000,0x0000000771f00000)
  to   space 109568K, 0% used [0x000000077da00000,0x000000077da00000,0x0000000784500000)
 ParOldGen       total 368128K, used 156517K [0x00000006c1400000, 0x00000006d7b80000, 0x000000076b180000)
  object space 368128K, 42% used [0x00000006c1400000,0x00000006cacd94e0,0x00000006d7b80000)
 Metaspace       used 12813K, capacity 13034K, committed 13184K, reserved 1060864K
  class space    used 1508K, capacity 1590K, committed 1664K, reserved 1048576K
}
Event: 5.771 GC heap before
{Heap before GC invocations=8 (full 2):
 PSYoungGen      total 112128K, used 101376K [0x000000076b180000, 0x0000000784500000, 0x00000007c0000000)
  eden space 101376K, 100% used [0x000000076b180000,0x0000000771480000,0x0000000771480000)
  from space 10752K, 0% used [0x0000000771480000,0x0000000771480000,0x0000000771f00000)
  to   space 109568K, 0% used [0x000000077da00000,0x000000077da00000,0x0000000784500000)
 ParOldGen       total 368128K, used 156517K [0x00000006c1400000, 0x00000006d7b80000, 0x000000076b180000)
  object space 368128K, 42% used [0x00000006c1400000,0x00000006cacd94e0,0x00000006d7b80000)
 Metaspace       used 12858K, capacity 13098K, committed 13440K, reserved 1060864K
  class space    used 1515K, capacity 1590K, committed 1664K, reserved 1048576K
Event: 5.803 GC heap after
Heap after GC invocations=8 (full 2):
 PSYoungGen      total 271872K, used 91792K [0x000000076b180000, 0x0000000784280000, 0x00000007c0000000)
  eden space 164864K, 0% used [0x000000076b180000,0x000000076b180000,0x0000000775280000)
  from space 107008K, 85% used [0x000000077da00000,0x00000007833a4068,0x0000000784280000)
  to   space 122880K, 0% used [0x0000000775280000,0x0000000775280000,0x000000077ca80000)
 ParOldGen       total 368128K, used 156525K [0x00000006c1400000, 0x00000006d7b80000, 0x000000076b180000)
  object space 368128K, 42% used [0x00000006c1400000,0x00000006cacdb4e0,0x00000006d7b80000)
 Metaspace       used 12858K, capacity 13098K, committed 13440K, reserved 1060864K
  class space    used 1515K, capacity 1590K, committed 1664K, reserved 1048576K
}
Event: 5.906 GC heap before
{Heap before GC invocations=9 (full 2):
 PSYoungGen      total 271872K, used 256656K [0x000000076b180000, 0x0000000784280000, 0x00000007c0000000)
  eden space 164864K, 100% used [0x000000076b180000,0x0000000775280000,0x0000000775280000)
  from space 107008K, 85% used [0x000000077da00000,0x00000007833a4068,0x0000000784280000)
  to   space 122880K, 0% used [0x0000000775280000,0x0000000775280000,0x000000077ca80000)
 ParOldGen       total 368128K, used 156525K [0x00000006c1400000, 0x00000006d7b80000, 0x000000076b180000)
  object space 368128K, 42% used [0x00000006c1400000,0x00000006cacdb4e0,0x00000006d7b80000)
 Metaspace       used 12864K, capacity 13098K, committed 13440K, reserved 1060864K
  class space    used 1515K, capacity 1590K, committed 1664K, reserved 1048576K
Event: 5.957 GC heap after
Heap after GC invocations=9 (full 2):
 PSYoungGen      total 287744K, used 122853K [0x000000076b180000, 0x0000000791c00000, 0x00000007c0000000)
  eden space 164864K, 0% used [0x000000076b180000,0x000000076b180000,0x0000000775280000)
  from space 122880K, 99% used [0x0000000775280000,0x000000077ca79418,0x000000077ca80000)
  to   space 173056K, 0% used [0x0000000787300000,0x0000000787300000,0x0000000791c00000)
 ParOldGen       total 368128K, used 210909K [0x00000006c1400000, 0x00000006d7b80000, 0x000000076b180000)
  object space 368128K, 57% used [0x00000006c1400000,0x00000006ce1f74e0,0x00000006d7b80000)
 Metaspace       used 12864K, capacity 13098K, committed 13440K, reserved 1060864K
  class space    used 1515K, capacity 1590K, committed 1664K, reserved 1048576K
}
Event: 6.091 GC heap before
{Heap before GC invocations=10 (full 2):
 PSYoungGen      total 287744K, used 283804K [0x000000076b180000, 0x0000000791c00000, 0x00000007c0000000)
  eden space 164864K, 97% used [0x000000076b180000,0x0000000774eadf90,0x0000000775280000)
  from space 122880K, 99% used [0x0000000775280000,0x000000077ca79418,0x000000077ca80000)
  to   space 173056K, 0% used [0x0000000787300000,0x0000000787300000,0x0000000791c00000)
 ParOldGen       total 368128K, used 210909K [0x00000006c1400000, 0x00000006d7b80000, 0x000000076b180000)
  object space 368128K, 57% used [0x00000006c1400000,0x00000006ce1f74e0,0x00000006d7b80000)
 Metaspace       used 13240K, capacity 13450K, committed 13696K, reserved 1060864K
  class space    used 1537K, capacity 1622K, committed 1664K, reserved 1048576K

